  [1m[35m (0.1ms)[0m  [1m[34mSELECT sqlite_version(*)[0m
  [1m[35m (11.9ms)[0m  [1m[35mCREATE TABLE "schema_migrations" ("version" varchar NOT NULL PRIMARY KEY)[0m
  [1m[35m (6.9ms)[0m  [1m[35mCREATE TABLE "ar_internal_metadata" ("key" varchar NOT NULL PRIMARY KEY, "value" varchar, "created_at" datetime NOT NULL, "updated_at" datetime NOT NULL)[0m
  [1m[35m (0.5ms)[0m  [1m[34mSELECT "schema_migrations"."version" FROM "schema_migrations" ORDER BY "schema_migrations"."version" ASC[0m
  [1m[35m (0.2ms)[0m  [1m[34mSELECT "schema_migrations"."version" FROM "schema_migrations" ORDER BY "schema_migrations"."version" ASC[0m
  [1m[35m (0.1ms)[0m  [1m[34mSELECT "schema_migrations"."version" FROM "schema_migrations" ORDER BY "schema_migrations"."version" ASC[0m
Migrating to CreateEvents (20180110092142)
  [1m[35m (0.1ms)[0m  [1m[36mbegin transaction[0m
  [1m[35m (0.0ms)[0m  [1m[31mrollback transaction[0m
  [1m[35m (0.1ms)[0m  [1m[34mSELECT "schema_migrations"."version" FROM "schema_migrations" ORDER BY "schema_migrations"."version" ASC[0m
  [1m[35m (0.0ms)[0m  [1m[34mSELECT "schema_migrations"."version" FROM "schema_migrations" ORDER BY "schema_migrations"."version" ASC[0m
  [1m[35m (0.1ms)[0m  [1m[34mSELECT "schema_migrations"."version" FROM "schema_migrations" ORDER BY "schema_migrations"."version" ASC[0m
Migrating to CreateEvents (20180110094141)
  [1m[35m (0.0ms)[0m  [1m[36mbegin transaction[0m
  [1m[35m (0.1ms)[0m  [1m[34mSELECT sqlite_version(*)[0m
  [1m[35m (1.1ms)[0m  [1m[35mCREATE TABLE "events" ("id" INTEGER PRIMARY KEY AUTOINCREMENT NOT NULL, "eventTitle" varchar, "eventType" varchar, "teamMinSize" integer, "teamMaxSize" integer, "dateStart" date, "dateEnd" date, "eventPlace" varchar, "eventDescription" text, "eventResults" text, "created_at" datetime NOT NULL, "updated_at" datetime NOT NULL)[0m
  [1m[35mSQL (0.2ms)[0m  [1m[32mINSERT INTO "schema_migrations" ("version") VALUES (?)[0m  [["version", "20180110094141"]]
  [1m[35m (6.3ms)[0m  [1m[36mcommit transaction[0m
  [1m[36mActiveRecord::InternalMetadata Load (0.4ms)[0m  [1m[34mSELECT  "ar_internal_metadata".* FROM "ar_internal_metadata" WHERE "ar_internal_metadata"."key" = ? LIMIT ?[0m  [["key", "environment"], ["LIMIT", 1]]
  [1m[35m (0.1ms)[0m  [1m[36mbegin transaction[0m
  [1m[35mSQL (0.2ms)[0m  [1m[32mINSERT INTO "ar_internal_metadata" ("key", "value", "created_at", "updated_at") VALUES (?, ?, ?, ?)[0m  [["key", "environment"], ["value", "development"], ["created_at", "2018-01-10 09:41:48.131693"], ["updated_at", "2018-01-10 09:41:48.131693"]]
  [1m[35m (7.9ms)[0m  [1m[36mcommit transaction[0m
  [1m[35m (0.1ms)[0m  [1m[34mSELECT "schema_migrations"."version" FROM "schema_migrations" ORDER BY "schema_migrations"."version" ASC[0m
Started GET "/" for 127.0.0.1 at 2018-01-10 12:43:11 +0300
  [1m[35m (0.2ms)[0m  [1m[34mSELECT "schema_migrations"."version" FROM "schema_migrations" ORDER BY "schema_migrations"."version" ASC[0m
Processing by Rails::WelcomeController#index as HTML
  Rendering /var/lib/gems/2.3.0/gems/railties-5.1.4/lib/rails/templates/rails/welcome/index.html.erb
  Rendered /var/lib/gems/2.3.0/gems/railties-5.1.4/lib/rails/templates/rails/welcome/index.html.erb (7.2ms)
Completed 200 OK in 24ms (Views: 15.3ms | ActiveRecord: 0.0ms)


Started GET "/events/new" for 127.0.0.1 at 2018-01-10 12:43:20 +0300
Processing by EventsController#new as HTML
  Rendering events/new.html.erb within layouts/application
  Rendered events/_form.html.erb (139.6ms)
  Rendered events/new.html.erb within layouts/application (141.5ms)
Completed 500 Internal Server Error in 168ms (ActiveRecord: 0.7ms)


  
ActionView::Template::Error (undefined method `radio_button_tag' for #<ActionView::Helpers::FormBuilder:0x0055dc4f630728>
Did you mean?  radio_button):
    21:  
    22: 	<p>
    23: 		<%= form.label "Тип мероприятия" %><br>
    24: 		<%= form.radio_button_tag(:eventType, "contest") %>
    25: 		<%= form.label_tag(:eventType_contest, "Соревнование") %>
    26: 		<%= form.radio_button_tag(:eventType, "camp") %>
    27: 		<%= form.label_tag(:eventType_camp, "Сборы") %>
  
app/views/events/_form.html.erb:24:in `block in _app_views_events__form_html_erb__1502885077663278581_47202356698220'
app/views/events/_form.html.erb:1:in `_app_views_events__form_html_erb__1502885077663278581_47202356698220'
app/views/events/new.html.erb:3:in `_app_views_events_new_html_erb___3771272410469407708_47202356979660'
Started GET "/events/new" for 127.0.0.1 at 2018-01-10 12:44:39 +0300
Processing by EventsController#new as HTML
  Rendering events/new.html.erb within layouts/application
  Rendered events/_form.html.erb (18.6ms)
  Rendered events/new.html.erb within layouts/application (19.8ms)
Completed 200 OK in 660ms (Views: 658.6ms | ActiveRecord: 0.0ms)


Started POST "/events" for 127.0.0.1 at 2018-01-10 12:46:01 +0300
Processing by EventsController#create as HTML
  Parameters: {"utf8"=>"✓", "authenticity_token"=>"+cm1V8+xM9edHH7GdKQp5+4/SL7IVqB3PmD5s9kkRacFyOAI71UknB8rWweOccrZzUwTrKcbF0vki6PzmQ3/Hg==", "event"=>{"eventTitle"=>"Тест-контест", "teamMinSize"=>"1", "teamMaxSize"=>"1", "dateStart"=>"2018-01-11", "dateEnd"=>"2018-01-11", "eventPlace"=>"ГК ПетрГУ", "eventDescription"=>"Тестовый контест", "eventResults"=>""}, "eventType"=>"contest", "commit"=>"Create Event"}
Unpermitted parameter: :eventResults
  [1m[35m (0.1ms)[0m  [1m[36mbegin transaction[0m
  [1m[35mSQL (0.4ms)[0m  [1m[32mINSERT INTO "events" ("eventTitle", "teamMinSize", "teamMaxSize", "dateStart", "dateEnd", "eventPlace", "eventDescription", "created_at", "updated_at") VALUES (?, ?, ?, ?, ?, ?, ?, ?, ?)[0m  [["eventTitle", "Тест-контест"], ["teamMinSize", 1], ["teamMaxSize", 1], ["dateStart", "2018-01-11"], ["dateEnd", "2018-01-11"], ["eventPlace", "ГК ПетрГУ"], ["eventDescription", "Тестовый контест"], ["created_at", "2018-01-10 09:46:01.025339"], ["updated_at", "2018-01-10 09:46:01.025339"]]
  [1m[35m (4.6ms)[0m  [1m[36mcommit transaction[0m
Redirected to http://localhost:3000/events/1
Completed 302 Found in 16ms (ActiveRecord: 5.1ms)


Started GET "/events/1" for 127.0.0.1 at 2018-01-10 12:46:01 +0300
Processing by EventsController#show as HTML
  Parameters: {"id"=>"1"}
  [1m[36mEvent Load (0.3ms)[0m  [1m[34mSELECT  "events".* FROM "events" WHERE "events"."id" = ? LIMIT ?[0m  [["id", 1], ["LIMIT", 1]]
  Rendering events/show.html.erb within layouts/application
  Rendered events/show.html.erb within layouts/application (3.2ms)
Completed 500 Internal Server Error in 14ms (ActiveRecord: 0.3ms)


  
ActionView::Template::Error (undefined method `text' for nil:NilClass):
     9:  
    10: <p>
    11:   <strong>Text:</strong>
    12:   <%= @article.text %>
    13: </p>
  
app/views/events/show.html.erb:12:in `_app_views_events_show_html_erb__3464059809626625649_69982675048760'
Started GET "/events/1" for 127.0.0.1 at 2018-01-10 12:47:02 +0300
Processing by EventsController#show as HTML
  Parameters: {"id"=>"1"}
  [1m[36mEvent Load (0.3ms)[0m  [1m[34mSELECT  "events".* FROM "events" WHERE "events"."id" = ? LIMIT ?[0m  [["id", 1], ["LIMIT", 1]]
  Rendering events/show.html.erb within layouts/application
  Rendered events/show.html.erb within layouts/application (0.6ms)
Completed 200 OK in 31ms (Views: 27.0ms | ActiveRecord: 0.3ms)


Started GET "/events/1" for 127.0.0.1 at 2018-01-10 12:50:59 +0300
Processing by EventsController#show as HTML
  Parameters: {"id"=>"1"}
  [1m[36mEvent Load (0.1ms)[0m  [1m[34mSELECT  "events".* FROM "events" WHERE "events"."id" = ? LIMIT ?[0m  [["id", 1], ["LIMIT", 1]]
  Rendering events/show.html.erb within layouts/application
  Rendered events/show.html.erb within layouts/application (0.6ms)
Completed 200 OK in 20ms (Views: 17.9ms | ActiveRecord: 0.1ms)


Started GET "/events/1" for 127.0.0.1 at 2018-01-10 12:52:10 +0300
Processing by EventsController#show as HTML
  Parameters: {"id"=>"1"}
  [1m[36mEvent Load (0.2ms)[0m  [1m[34mSELECT  "events".* FROM "events" WHERE "events"."id" = ? LIMIT ?[0m  [["id", 1], ["LIMIT", 1]]
  Rendering events/show.html.erb within layouts/application
  Rendered events/show.html.erb within layouts/application (0.7ms)
Completed 200 OK in 17ms (Views: 13.8ms | ActiveRecord: 0.2ms)


Started GET "/events/new" for 127.0.0.1 at 2018-01-10 12:52:18 +0300
Processing by EventsController#new as HTML
  Rendering events/new.html.erb within layouts/application
  Rendered events/_form.html.erb (8.8ms)
  Rendered events/new.html.erb within layouts/application (10.8ms)
Completed 200 OK in 39ms (Views: 37.7ms | ActiveRecord: 0.0ms)


Started POST "/events" for 127.0.0.1 at 2018-01-10 12:53:31 +0300
Processing by EventsController#create as HTML
  Parameters: {"utf8"=>"✓", "authenticity_token"=>"TXawW8q1XYcq9g9k2EroZCPHNB7+oWWlkTxWQ05fs3Oxd+UE6lFKzKjBKqUinwtaALRvDJHs0plL1wwDDnYJyg==", "event"=>{"eventTitle"=>"Летниц компцлагерь", "teamMinSize"=>"1", "teamMaxSize"=>"3", "dateStart"=>"2018-07-01", "dateEnd"=>"2018-07-10", "eventPlace"=>"Где-то ещё", "eventDescription"=>"Сборы", "eventResults"=>""}, "eventType"=>"camp", "commit"=>"Create Event"}
Unpermitted parameter: :eventResults
  [1m[35m (0.1ms)[0m  [1m[36mbegin transaction[0m
  [1m[35mSQL (2.0ms)[0m  [1m[32mINSERT INTO "events" ("eventTitle", "teamMinSize", "teamMaxSize", "dateStart", "dateEnd", "eventPlace", "eventDescription", "created_at", "updated_at") VALUES (?, ?, ?, ?, ?, ?, ?, ?, ?)[0m  [["eventTitle", "Летниц компцлагерь"], ["teamMinSize", 1], ["teamMaxSize", 3], ["dateStart", "2018-07-01"], ["dateEnd", "2018-07-10"], ["eventPlace", "Где-то ещё"], ["eventDescription", "Сборы"], ["created_at", "2018-01-10 09:53:31.789947"], ["updated_at", "2018-01-10 09:53:31.789947"]]
  [1m[35m (8.9ms)[0m  [1m[36mcommit transaction[0m
Redirected to http://localhost:3000/events/2
Completed 302 Found in 18ms (ActiveRecord: 10.9ms)


Started GET "/events/2" for 127.0.0.1 at 2018-01-10 12:53:31 +0300
Processing by EventsController#show as HTML
  Parameters: {"id"=>"2"}
  [1m[36mEvent Load (0.3ms)[0m  [1m[34mSELECT  "events".* FROM "events" WHERE "events"."id" = ? LIMIT ?[0m  [["id", 2], ["LIMIT", 1]]
  Rendering events/show.html.erb within layouts/application
  Rendered events/show.html.erb within layouts/application (1.8ms)
Completed 200 OK in 24ms (Views: 20.8ms | ActiveRecord: 0.3ms)


Started GET "/events/index" for 127.0.0.1 at 2018-01-10 12:58:10 +0300
Processing by EventsController#show as HTML
  Parameters: {"id"=>"index"}
  [1m[36mEvent Load (0.2ms)[0m  [1m[34mSELECT  "events".* FROM "events" WHERE "events"."id" = ? LIMIT ?[0m  [["id", 0], ["LIMIT", 1]]
Completed 404 Not Found in 2ms (ActiveRecord: 0.2ms)


  
ActiveRecord::RecordNotFound (Couldn't find Event with 'id'=index):
  
app/controllers/events_controller.rb:7:in `show'
Started GET "/events" for 127.0.0.1 at 2018-01-10 12:58:19 +0300
Processing by EventsController#index as HTML
  Rendering events/index.html.erb within layouts/application
  [1m[36mEvent Load (0.2ms)[0m  [1m[34mSELECT "events".* FROM "events"[0m
  Rendered events/index.html.erb within layouts/application (234.1ms)
Completed 500 Internal Server Error in 236ms (ActiveRecord: 0.2ms)


  
ActionView::Template::Error (undefined local variable or method `event' for #<#<Class:0x0055dc4f70c458>:0x0055dc50218f18>
Did you mean?  event_url
               @events):
    10:  
    11: 	<% @events.each do |article| %>
    12: 		<tr>
    13: 			<td><%= event.eventTitle %></td>
    14: 			<td><%= event.eventType %></td>
    15: 			<td>
    16: 				<%= @event.dateStart.strftime('%d.%m.%Y') %>
  
app/views/events/index.html.erb:13:in `block in _app_views_events_index_html_erb___3692131313213018193_47202362775200'
app/views/events/index.html.erb:11:in `_app_views_events_index_html_erb___3692131313213018193_47202362775200'
Started GET "/events" for 127.0.0.1 at 2018-01-10 12:58:49 +0300
Processing by EventsController#index as HTML
  Rendering events/index.html.erb within layouts/application
  [1m[36mEvent Load (0.7ms)[0m  [1m[34mSELECT "events".* FROM "events"[0m
  Rendered events/index.html.erb within layouts/application (9.5ms)
Completed 500 Internal Server Error in 14ms (ActiveRecord: 0.7ms)


  
ActionView::Template::Error (undefined method `dateStart' for nil:NilClass):
    13: 			<td><%= event.eventTitle %></td>
    14: 			<td><%= event.eventType %></td>
    15: 			<td>
    16: 				<%= @event.dateStart.strftime('%d.%m.%Y') %>
    17: 				<% if @event.dateStart != @event.dateEnd %>
    18: 					&nbsp;&mdash;&nbsp;<%= @event.dateEnd.strftime('%d.%m.%Y') %>
    19: 				<% end %>
  
app/views/events/index.html.erb:16:in `block in _app_views_events_index_html_erb___3692131313213018193_69982767807260'
app/views/events/index.html.erb:11:in `_app_views_events_index_html_erb___3692131313213018193_69982767807260'
Started GET "/events" for 127.0.0.1 at 2018-01-10 12:59:16 +0300
Processing by EventsController#index as HTML
  Rendering events/index.html.erb within layouts/application
  [1m[36mEvent Load (0.2ms)[0m  [1m[34mSELECT "events".* FROM "events"[0m
  Rendered events/index.html.erb within layouts/application (1.9ms)
Completed 200 OK in 20ms (Views: 18.3ms | ActiveRecord: 0.2ms)


Started GET "/events" for 127.0.0.1 at 2018-01-10 13:00:13 +0300
Processing by EventsController#index as HTML
  Rendering events/index.html.erb within layouts/application
  [1m[36mEvent Load (1.0ms)[0m  [1m[34mSELECT "events".* FROM "events"[0m
  Rendered events/index.html.erb within layouts/application (13.9ms)
Completed 200 OK in 72ms (Views: 66.4ms | ActiveRecord: 1.0ms)


Started GET "/events" for 127.0.0.1 at 2018-01-10 13:00:28 +0300
Processing by EventsController#index as HTML
  Rendering events/index.html.erb within layouts/application
  [1m[36mEvent Load (0.4ms)[0m  [1m[34mSELECT "events".* FROM "events"[0m
  Rendered events/index.html.erb within layouts/application (5.3ms)
Completed 200 OK in 40ms (Views: 34.7ms | ActiveRecord: 0.4ms)


Started GET "/events/2" for 127.0.0.1 at 2018-01-10 13:00:30 +0300
Processing by EventsController#show as HTML
  Parameters: {"id"=>"2"}
  [1m[36mEvent Load (0.4ms)[0m  [1m[34mSELECT  "events".* FROM "events" WHERE "events"."id" = ? LIMIT ?[0m  [["id", 2], ["LIMIT", 1]]
  Rendering events/show.html.erb within layouts/application
  Rendered events/show.html.erb within layouts/application (1.6ms)
Completed 200 OK in 50ms (Views: 42.4ms | ActiveRecord: 0.4ms)


Started GET "/events" for 127.0.0.1 at 2018-01-10 13:01:14 +0300
Processing by EventsController#index as HTML
  Rendering events/index.html.erb within layouts/application
  [1m[36mEvent Load (0.3ms)[0m  [1m[34mSELECT "events".* FROM "events"[0m
  Rendered events/index.html.erb within layouts/application (4.8ms)
Completed 200 OK in 39ms (Views: 36.8ms | ActiveRecord: 0.3ms)


Started GET "/events/index" for 127.0.0.1 at 2018-01-10 13:01:16 +0300
Processing by EventsController#show as HTML
  Parameters: {"id"=>"index"}
  [1m[36mEvent Load (0.1ms)[0m  [1m[34mSELECT  "events".* FROM "events" WHERE "events"."id" = ? LIMIT ?[0m  [["id", 0], ["LIMIT", 1]]
Completed 404 Not Found in 1ms (ActiveRecord: 0.1ms)


  
ActiveRecord::RecordNotFound (Couldn't find Event with 'id'=index):
  
app/controllers/events_controller.rb:7:in `show'
Started GET "/events" for 127.0.0.1 at 2018-01-10 13:01:23 +0300
Processing by EventsController#index as HTML
  Rendering events/index.html.erb within layouts/application
  [1m[36mEvent Load (0.8ms)[0m  [1m[34mSELECT "events".* FROM "events"[0m
  Rendered events/index.html.erb within layouts/application (4.3ms)
Completed 200 OK in 21ms (Views: 19.0ms | ActiveRecord: 0.8ms)


Started GET "/events/2/edit" for 127.0.0.1 at 2018-01-10 13:01:26 +0300
Processing by EventsController#edit as HTML
  Parameters: {"id"=>"2"}
  [1m[36mEvent Load (0.2ms)[0m  [1m[34mSELECT  "events".* FROM "events" WHERE "events"."id" = ? LIMIT ?[0m  [["id", 2], ["LIMIT", 1]]
  Rendering events/edit.html.erb within layouts/application
  Rendered events/_form.html.erb (28.1ms)
  Rendered events/edit.html.erb within layouts/application (30.2ms)
Completed 200 OK in 68ms (Views: 65.8ms | ActiveRecord: 0.2ms)


Started PATCH "/events/2" for 127.0.0.1 at 2018-01-10 13:01:33 +0300
Processing by EventsController#update as HTML
  Parameters: {"utf8"=>"✓", "authenticity_token"=>"UZLeEj+qPmsG0q8FtHUQn/1lFuHolzy4smuM1TOtcLmVNEeT1FLAy/rlEmdG2XXtE4gSmiZGy8ugElsRMCtiuA==", "event"=>{"eventTitle"=>"Летний компцлагерь", "teamMinSize"=>"1", "teamMaxSize"=>"3", "dateStart"=>"2018-07-01", "dateEnd"=>"2018-07-10", "eventPlace"=>"Где-то ещё", "eventDescription"=>"Сборы", "eventResults"=>""}, "eventType"=>"camp", "commit"=>"Update Event", "id"=>"2"}
  [1m[36mEvent Load (0.6ms)[0m  [1m[34mSELECT  "events".* FROM "events" WHERE "events"."id" = ? LIMIT ?[0m  [["id", 2], ["LIMIT", 1]]
Unpermitted parameter: :eventResults
  [1m[35m (0.4ms)[0m  [1m[36mbegin transaction[0m
  [1m[35mSQL (13.8ms)[0m  [1m[33mUPDATE "events" SET "eventTitle" = ?, "updated_at" = ? WHERE "events"."id" = ?[0m  [["eventTitle", "Летний компцлагерь"], ["updated_at", "2018-01-10 10:01:33.167020"], ["id", 2]]
  [1m[35m (14.4ms)[0m  [1m[36mcommit transaction[0m
Redirected to http://localhost:3000/events/2
Completed 302 Found in 62ms (ActiveRecord: 29.1ms)


Started GET "/events/2" for 127.0.0.1 at 2018-01-10 13:01:33 +0300
Processing by EventsController#show as HTML
  Parameters: {"id"=>"2"}
  [1m[36mEvent Load (0.2ms)[0m  [1m[34mSELECT  "events".* FROM "events" WHERE "events"."id" = ? LIMIT ?[0m  [["id", 2], ["LIMIT", 1]]
  Rendering events/show.html.erb within layouts/application
  Rendered events/show.html.erb within layouts/application (3.0ms)
Completed 200 OK in 39ms (Views: 37.0ms | ActiveRecord: 0.2ms)


Started GET "/events" for 127.0.0.1 at 2018-01-10 13:01:43 +0300
Processing by EventsController#index as HTML
  Rendering events/index.html.erb within layouts/application
  [1m[36mEvent Load (0.3ms)[0m  [1m[34mSELECT "events".* FROM "events"[0m
  Rendered events/index.html.erb within layouts/application (4.2ms)
Completed 200 OK in 23ms (Views: 20.1ms | ActiveRecord: 0.3ms)


Started GET "/events" for 127.0.0.1 at 2018-01-10 13:26:33 +0300
Processing by EventsController#index as HTML
Completed 500 Internal Server Error in 2ms


  
SyntaxError (/home/tl/ktpreg/app/models/event.rb:13: syntax error, unexpected tINTEGER, expecting =>
...ue, :greater_than_or_equal_to 1, :less_than_or_equal_to 15 }
...                               ^):
  
app/models/event.rb:13: syntax error, unexpected tINTEGER, expecting =>
app/controllers/events_controller.rb:3:in `index'
Started GET "/events" for 127.0.0.1 at 2018-01-10 13:27:40 +0300
Processing by EventsController#index as HTML
  Rendering events/index.html.erb within layouts/application
  [1m[36mEvent Load (0.2ms)[0m  [1m[34mSELECT "events".* FROM "events"[0m
  Rendered events/index.html.erb within layouts/application (29.0ms)
Completed 200 OK in 65ms (Views: 57.8ms | ActiveRecord: 2.2ms)


Started GET "/events/1" for 127.0.0.1 at 2018-01-10 13:27:52 +0300
Processing by EventsController#show as HTML
  Parameters: {"id"=>"1"}
  [1m[36mEvent Load (1.1ms)[0m  [1m[34mSELECT  "events".* FROM "events" WHERE "events"."id" = ? LIMIT ?[0m  [["id", 1], ["LIMIT", 1]]
  Rendering events/show.html.erb within layouts/application
  Rendered events/show.html.erb within layouts/application (2.1ms)
Completed 200 OK in 67ms (Views: 52.1ms | ActiveRecord: 1.1ms)


Started GET "/events/2" for 127.0.0.1 at 2018-01-10 13:27:55 +0300
Processing by EventsController#show as HTML
  Parameters: {"id"=>"2"}
  [1m[36mEvent Load (0.4ms)[0m  [1m[34mSELECT  "events".* FROM "events" WHERE "events"."id" = ? LIMIT ?[0m  [["id", 2], ["LIMIT", 1]]
  Rendering events/show.html.erb within layouts/application
  Rendered events/show.html.erb within layouts/application (4.2ms)
Completed 200 OK in 91ms (Views: 84.8ms | ActiveRecord: 0.4ms)


Started GET "/events/new" for 127.0.0.1 at 2018-01-10 13:28:02 +0300
Processing by EventsController#new as HTML
  Rendering events/new.html.erb within layouts/application
  Rendered events/_form.html.erb (15.5ms)
  Rendered events/new.html.erb within layouts/application (17.7ms)
Completed 500 Internal Server Error in 24ms (ActiveRecord: 0.0ms)


  
ActionView::Template::Error (can not load translations from /home/tl/ktpreg/config/locales/ru.yml: expects it to return a hash, but does not):
    15: 	<% end %>
    16:  
    17: 	<p>
    18: 		<%= form.label "Название" %><br>
    19: 		<%= form.text_field :eventTitle %>
    20: 	</p>
    21:  
  
app/views/events/_form.html.erb:18:in `block in _app_views_events__form_html_erb__1502885077663278581_69982672645100'
app/views/events/_form.html.erb:1:in `_app_views_events__form_html_erb__1502885077663278581_69982672645100'
app/views/events/new.html.erb:3:in `_app_views_events_new_html_erb___3771272410469407708_69982672818240'
Started GET "/events/new" for 127.0.0.1 at 2018-01-10 13:29:55 +0300
Processing by EventsController#new as HTML
  Rendering events/new.html.erb within layouts/application
  Rendered events/_form.html.erb (18.8ms)
  Rendered events/new.html.erb within layouts/application (19.9ms)
Completed 200 OK in 85ms (Views: 50.8ms | ActiveRecord: 3.0ms)


Started GET "/events/new" for 127.0.0.1 at 2018-01-10 13:30:31 +0300
Processing by EventsController#new as HTML
  Rendering events/new.html.erb within layouts/application
  Rendered events/_form.html.erb (13.3ms)
  Rendered events/new.html.erb within layouts/application (17.1ms)
Completed 200 OK in 68ms (Views: 65.3ms | ActiveRecord: 0.0ms)


Started GET "/events/new" for 127.0.0.1 at 2018-01-10 13:32:24 +0300
Processing by EventsController#new as HTML
Completed 500 Internal Server Error in 128ms


  
NameError (undefined local variable or method `ru' for #<EventsController:0x007f4c489e9850>):
  
app/controllers/application_controller.rb:5:in `set_locale'
Started GET "/events/new" for 127.0.0.1 at 2018-01-10 13:32:59 +0300
Processing by EventsController#new as HTML
  Rendering events/new.html.erb within layouts/application
  Rendered events/_form.html.erb (7.2ms)
  Rendered events/new.html.erb within layouts/application (8.6ms)
Completed 200 OK in 73ms (Views: 35.8ms | ActiveRecord: 2.5ms)


Started GET "/events/new" for 127.0.0.1 at 2018-01-10 13:34:01 +0300
Processing by EventsController#new as HTML
  Rendering events/new.html.erb within layouts/application
  Rendered events/_form.html.erb (14.4ms)
  Rendered events/new.html.erb within layouts/application (17.2ms)
Completed 200 OK in 56ms (Views: 53.6ms | ActiveRecord: 0.0ms)


Started GET "/events/1/edit" for 127.0.0.1 at 2018-01-10 13:36:03 +0300
Processing by EventsController#edit as HTML
  Parameters: {"id"=>"1"}
  [1m[36mEvent Load (1.1ms)[0m  [1m[34mSELECT  "events".* FROM "events" WHERE "events"."id" = ? LIMIT ?[0m  [["id", 1], ["LIMIT", 1]]
  Rendering events/edit.html.erb within layouts/application
  Rendered events/_form.html.erb (11.2ms)
  Rendered events/edit.html.erb within layouts/application (15.1ms)
Completed 200 OK in 111ms (Views: 90.8ms | ActiveRecord: 1.1ms)


Started GET "/events" for 127.0.0.1 at 2018-01-10 13:36:06 +0300
Processing by EventsController#index as HTML
  Rendering events/index.html.erb within layouts/application
  [1m[36mEvent Load (0.9ms)[0m  [1m[34mSELECT "events".* FROM "events"[0m
  Rendered events/index.html.erb within layouts/application (12.5ms)
Completed 200 OK in 88ms (Views: 76.9ms | ActiveRecord: 0.9ms)


Started GET "/events" for 127.0.0.1 at 2018-01-10 15:06:02 +0300
  [1m[35m (0.1ms)[0m  [1m[34mSELECT "schema_migrations"."version" FROM "schema_migrations" ORDER BY "schema_migrations"."version" ASC[0m
Processing by EventsController#index as HTML
  Rendering events/index.html.erb within layouts/application
  [1m[36mEvent Load (0.4ms)[0m  [1m[34mSELECT "events".* FROM "events"[0m
  Rendered events/index.html.erb within layouts/application (16.2ms)
Completed 200 OK in 236ms (Views: 215.3ms | ActiveRecord: 1.4ms)


Started GET "/events" for 127.0.0.1 at 2018-01-10 15:09:36 +0300
Processing by EventsController#index as HTML
  Rendering events/index.html.erb within layouts/application
  [1m[36mEvent Load (0.3ms)[0m  [1m[34mSELECT "events".* FROM "events"[0m
  Rendered events/index.html.erb within layouts/application (2.6ms)
Completed 200 OK in 60ms (Views: 57.4ms | ActiveRecord: 0.3ms)


Started GET "/events/new" for 127.0.0.1 at 2018-01-10 15:09:37 +0300
Processing by EventsController#new as HTML
  Rendering events/new.html.erb within layouts/application
  Rendered events/_form.html.erb (75.9ms)
  Rendered events/new.html.erb within layouts/application (81.9ms)
Completed 200 OK in 117ms (Views: 110.1ms | ActiveRecord: 0.0ms)


Started POST "/events" for 127.0.0.1 at 2018-01-10 15:09:42 +0300
Processing by EventsController#create as HTML
  Parameters: {"utf8"=>"✓", "authenticity_token"=>"eKC30p8+W8MXfqZtmQAK4HcYevK3s7Psk1hXJ9bpKJDCqPUzhJ1DhZwk/VU286JYkrKNNIEnkjIEHoNg0a8mww==", "event"=>{"eventTitle"=>"", "teamMinSize"=>"", "teamMaxSize"=>"", "dateStart"=>"", "dateEnd"=>"", "eventPlace"=>"", "eventDescription"=>"", "eventResults"=>""}, "commit"=>"Create Event"}
Unpermitted parameter: :eventResults
  [1m[35m (0.6ms)[0m  [1m[36mbegin transaction[0m
  [1m[36mEvent Exists (0.3ms)[0m  [1m[34mSELECT  1 AS one FROM "events" WHERE "events"."eventTitle" = ? LIMIT ?[0m  [["eventTitle", ""], ["LIMIT", 1]]
  [1m[35m (0.1ms)[0m  [1m[31mrollback transaction[0m
  Rendering events/new.html.erb within layouts/application
  Rendered events/_form.html.erb (14.8ms)
  Rendered events/new.html.erb within layouts/application (18.7ms)
Completed 200 OK in 91ms (Views: 53.6ms | ActiveRecord: 1.0ms)


Started GET "/events" for 127.0.0.1 at 2018-01-10 15:12:20 +0300
Processing by EventsController#index as HTML
  Rendering events/index.html.erb within layouts/application
  [1m[36mEvent Load (0.4ms)[0m  [1m[34mSELECT "events".* FROM "events"[0m
  Rendered events/index.html.erb within layouts/application (42.5ms)
Completed 200 OK in 104ms (Views: 82.4ms | ActiveRecord: 2.3ms)


Started GET "/events/new" for 127.0.0.1 at 2018-01-10 15:12:22 +0300
Processing by EventsController#new as HTML
  Rendering events/new.html.erb within layouts/application
  Rendered events/_form.html.erb (20.3ms)
  Rendered events/new.html.erb within layouts/application (28.3ms)
Completed 200 OK in 82ms (Views: 74.4ms | ActiveRecord: 0.0ms)


Started POST "/events" for 127.0.0.1 at 2018-01-10 15:12:24 +0300
Processing by EventsController#create as HTML
  Parameters: {"utf8"=>"✓", "authenticity_token"=>"teeB3MgBrdsCUHVw1Eb6XzZEN+hyAoMsYaWaRxffVJIP78M906K1nYkKLkh7tVLn0+7ALkSWovL2404AEJlawQ==", "event"=>{"eventTitle"=>"", "teamMinSize"=>"", "teamMaxSize"=>"", "dateStart"=>"", "dateEnd"=>"", "eventPlace"=>"", "eventDescription"=>"", "eventResults"=>""}, "commit"=>"Create Event"}
Unpermitted parameter: :eventResults
  [1m[35m (0.4ms)[0m  [1m[36mbegin transaction[0m
  [1m[36mEvent Exists (0.7ms)[0m  [1m[34mSELECT  1 AS one FROM "events" WHERE "events"."eventTitle" = ? LIMIT ?[0m  [["eventTitle", ""], ["LIMIT", 1]]
  [1m[35m (0.9ms)[0m  [1m[31mrollback transaction[0m
  Rendering events/new.html.erb within layouts/application
  Rendered events/_form.html.erb (20.3ms)
  Rendered events/new.html.erb within layouts/application (28.0ms)
Completed 200 OK in 118ms (Views: 59.8ms | ActiveRecord: 1.9ms)


Started POST "/events" for 127.0.0.1 at 2018-01-10 15:12:33 +0300
Processing by EventsController#create as HTML
  Parameters: {"utf8"=>"✓", "authenticity_token"=>"tqu9nEmyi8xv+axY4QLyoTJ2dCoKNeRKR0Hq28DTB8hKqujDaVach+3OiZkb1xGfEQUvOGV4U3adqrCbgPq9cQ==", "event"=>{"eventTitle"=>"", "teamMinSize"=>"", "teamMaxSize"=>"ро", "dateStart"=>"", "dateEnd"=>"", "eventPlace"=>"", "eventDescription"=>"", "eventResults"=>""}, "commit"=>"Create Event"}
Unpermitted parameter: :eventResults
  [1m[35m (0.4ms)[0m  [1m[36mbegin transaction[0m
  [1m[36mEvent Exists (1.2ms)[0m  [1m[34mSELECT  1 AS one FROM "events" WHERE "events"."eventTitle" = ? LIMIT ?[0m  [["eventTitle", ""], ["LIMIT", 1]]
  [1m[35m (0.1ms)[0m  [1m[31mrollback transaction[0m
  Rendering events/new.html.erb within layouts/application
  Rendered events/_form.html.erb (8.1ms)
  Rendered events/new.html.erb within layouts/application (10.4ms)
Completed 200 OK in 93ms (Views: 33.0ms | ActiveRecord: 1.7ms)


Started POST "/events" for 127.0.0.1 at 2018-01-10 15:12:44 +0300
Processing by EventsController#create as HTML
  Parameters: {"utf8"=>"✓", "authenticity_token"=>"9KZDQbKlm3+7R748X2IJfxqvWdp4z2YBMb4/YpI8hNAIpxYekkGMNDlwm/2lt+pBOdwCyBeC0T3rVWUi0hU+aQ==", "event"=>{"eventTitle"=>"", "teamMinSize"=>"", "teamMaxSize"=>"17.3", "dateStart"=>"", "dateEnd"=>"", "eventPlace"=>"", "eventDescription"=>"", "eventResults"=>""}, "commit"=>"Create Event"}
Unpermitted parameter: :eventResults
  [1m[35m (0.3ms)[0m  [1m[36mbegin transaction[0m
  [1m[36mEvent Exists (0.8ms)[0m  [1m[34mSELECT  1 AS one FROM "events" WHERE "events"."eventTitle" = ? LIMIT ?[0m  [["eventTitle", ""], ["LIMIT", 1]]
  [1m[35m (0.4ms)[0m  [1m[31mrollback transaction[0m
  Rendering events/new.html.erb within layouts/application
  Rendered events/_form.html.erb (31.9ms)
  Rendered events/new.html.erb within layouts/application (39.6ms)
Completed 200 OK in 108ms (Views: 78.0ms | ActiveRecord: 1.5ms)


Started POST "/events" for 127.0.0.1 at 2018-01-10 15:12:56 +0300
Processing by EventsController#create as HTML
  Parameters: {"utf8"=>"✓", "authenticity_token"=>"OirIlElDn1vBMRJlqma2we4ch7GHk+k7/sVJ4mOM8/vGK53LaaeIEEMGN6RQs1X/zW/co+jeXgckLhOiI6VJQg==", "event"=>{"eventTitle"=>"", "teamMinSize"=>"17.3", "teamMaxSize"=>"17.3", "dateStart"=>"", "dateEnd"=>"", "eventPlace"=>"", "eventDescription"=>"", "eventResults"=>""}, "commit"=>"Create Event"}
Unpermitted parameter: :eventResults
  [1m[35m (0.3ms)[0m  [1m[36mbegin transaction[0m
  [1m[36mEvent Exists (1.8ms)[0m  [1m[34mSELECT  1 AS one FROM "events" WHERE "events"."eventTitle" = ? LIMIT ?[0m  [["eventTitle", ""], ["LIMIT", 1]]
  [1m[35m (0.5ms)[0m  [1m[31mrollback transaction[0m
  Rendering events/new.html.erb within layouts/application
  Rendered events/_form.html.erb (29.4ms)
  Rendered events/new.html.erb within layouts/application (37.6ms)
Completed 200 OK in 103ms (Views: 70.2ms | ActiveRecord: 2.6ms)


Started GET "/events" for 127.0.0.1 at 2018-01-10 15:13:31 +0300
Processing by EventsController#index as HTML
  Rendering events/index.html.erb within layouts/application
  [1m[36mEvent Load (0.5ms)[0m  [1m[34mSELECT "events".* FROM "events"[0m
  Rendered events/index.html.erb within layouts/application (32.1ms)
Completed 200 OK in 69ms (Views: 58.0ms | ActiveRecord: 2.8ms)


Started GET "/events/new" for 127.0.0.1 at 2018-01-10 15:13:35 +0300
Processing by EventsController#new as HTML
  Rendering events/new.html.erb within layouts/application
  Rendered events/_form.html.erb (28.4ms)
  Rendered events/new.html.erb within layouts/application (34.1ms)
Completed 200 OK in 87ms (Views: 81.3ms | ActiveRecord: 0.0ms)


Started POST "/events" for 127.0.0.1 at 2018-01-10 15:13:41 +0300
Processing by EventsController#create as HTML
  Parameters: {"utf8"=>"✓", "authenticity_token"=>"qHaUddDlYFLya7cmM00xoQhFHlA2UnqTyIpc+Bqj5+ISftaUy0Z4FHkx7B6cvpkZ7e/plgDGW01fzIi/HeXpsQ==", "event"=>{"eventTitle"=>"", "teamMinSize"=>"19.3", "teamMaxSize"=>"", "dateStart"=>"", "dateEnd"=>"", "eventPlace"=>"", "eventDescription"=>"", "eventResults"=>""}, "commit"=>"Create Event"}
Unpermitted parameter: :eventResults
  [1m[35m (0.3ms)[0m  [1m[36mbegin transaction[0m
  [1m[36mEvent Exists (1.5ms)[0m  [1m[34mSELECT  1 AS one FROM "events" WHERE "events"."eventTitle" = ? LIMIT ?[0m  [["eventTitle", ""], ["LIMIT", 1]]
  [1m[35m (0.6ms)[0m  [1m[31mrollback transaction[0m
  Rendering events/new.html.erb within layouts/application
  Rendered events/_form.html.erb (21.4ms)
  Rendered events/new.html.erb within layouts/application (24.9ms)
Completed 200 OK in 96ms (Views: 55.8ms | ActiveRecord: 2.4ms)


Started POST "/events" for 127.0.0.1 at 2018-01-10 15:13:47 +0300
Processing by EventsController#create as HTML
  Parameters: {"utf8"=>"✓", "authenticity_token"=>"wI4rYNn88ICIwkc+JthrxS46mjLVMLkNuRhloj+N5KE8j34/+Rjnywr1Yv/cDYj7DUnBILp9DjFj8z/if6ReGA==", "event"=>{"eventTitle"=>"", "teamMinSize"=>"19", "teamMaxSize"=>"", "dateStart"=>"", "dateEnd"=>"", "eventPlace"=>"", "eventDescription"=>"", "eventResults"=>""}, "commit"=>"Create Event"}
Unpermitted parameter: :eventResults
  [1m[35m (0.9ms)[0m  [1m[36mbegin transaction[0m
  [1m[36mEvent Exists (1.1ms)[0m  [1m[34mSELECT  1 AS one FROM "events" WHERE "events"."eventTitle" = ? LIMIT ?[0m  [["eventTitle", ""], ["LIMIT", 1]]
  [1m[35m (0.4ms)[0m  [1m[31mrollback transaction[0m
  Rendering events/new.html.erb within layouts/application
  Rendered events/_form.html.erb (19.0ms)
  Rendered events/new.html.erb within layouts/application (25.4ms)
Completed 200 OK in 97ms (Views: 64.1ms | ActiveRecord: 2.4ms)


Started POST "/events" for 127.0.0.1 at 2018-01-10 15:14:14 +0300
Processing by EventsController#create as HTML
  Parameters: {"utf8"=>"✓", "authenticity_token"=>"lRC2VB2uWZA1IHmx9o5BjeLAhSsxi69p3DQqRDVtVvtpEeMLPUpO27cXXHAMW6KzwbPeOV7GGFUG33AEdUTsQg==", "event"=>{"eventTitle"=>"", "teamMinSize"=>"19", "teamMaxSize"=>"", "dateStart"=>"", "dateEnd"=>"", "eventPlace"=>"", "eventDescription"=>"", "eventResults"=>""}, "commit"=>"Create Event"}
Unpermitted parameter: :eventResults
  [1m[35m (0.1ms)[0m  [1m[36mbegin transaction[0m
  [1m[36mEvent Exists (0.2ms)[0m  [1m[34mSELECT  1 AS one FROM "events" WHERE "events"."eventTitle" = ? LIMIT ?[0m  [["eventTitle", ""], ["LIMIT", 1]]
  [1m[35m (0.8ms)[0m  [1m[31mrollback transaction[0m
  Rendering events/new.html.erb within layouts/application
  Rendered events/_form.html.erb (5.7ms)
  Rendered events/new.html.erb within layouts/application (8.0ms)
Completed 200 OK in 92ms (Views: 33.4ms | ActiveRecord: 6.1ms)


Started GET "/events" for 127.0.0.1 at 2018-01-10 15:14:29 +0300
Processing by EventsController#index as HTML
  Rendering events/index.html.erb within layouts/application
  [1m[36mEvent Load (0.2ms)[0m  [1m[34mSELECT "events".* FROM "events"[0m
  Rendered events/index.html.erb within layouts/application (24.2ms)
Completed 200 OK in 63ms (Views: 46.6ms | ActiveRecord: 2.8ms)


Started GET "/events/new" for 127.0.0.1 at 2018-01-10 15:14:31 +0300
Processing by EventsController#new as HTML
  Rendering events/new.html.erb within layouts/application
  Rendered events/_form.html.erb (11.6ms)
  Rendered events/new.html.erb within layouts/application (13.4ms)
Completed 200 OK in 46ms (Views: 42.9ms | ActiveRecord: 0.0ms)


Started POST "/events" for 127.0.0.1 at 2018-01-10 15:14:36 +0300
Processing by EventsController#create as HTML
  Parameters: {"utf8"=>"✓", "authenticity_token"=>"Szsa9YA1vfFoG1plhDA7j6uFAhOR8DUgwR2XWJ4CO/LxM1gUm5alt+NBAV0rw5M3Ti/11adkFP5WW0MfmUQ1oQ==", "event"=>{"eventTitle"=>"", "teamMinSize"=>"19", "teamMaxSize"=>"", "dateStart"=>"", "dateEnd"=>"", "eventPlace"=>"", "eventDescription"=>"", "eventResults"=>""}, "commit"=>"Create Event"}
Unpermitted parameter: :eventResults
  [1m[35m (0.3ms)[0m  [1m[36mbegin transaction[0m
  [1m[36mEvent Exists (0.4ms)[0m  [1m[34mSELECT  1 AS one FROM "events" WHERE "events"."eventTitle" = ? LIMIT ?[0m  [["eventTitle", ""], ["LIMIT", 1]]
  [1m[35m (0.2ms)[0m  [1m[31mrollback transaction[0m
  Rendering events/new.html.erb within layouts/application
  Rendered events/_form.html.erb (9.9ms)
  Rendered events/new.html.erb within layouts/application (12.4ms)
Completed 200 OK in 57ms (Views: 36.0ms | ActiveRecord: 0.8ms)


Started POST "/events" for 127.0.0.1 at 2018-01-10 15:16:10 +0300
Processing by EventsController#create as HTML
  Parameters: {"utf8"=>"✓", "authenticity_token"=>"aQzi7wKBJwqEETxDoN7ga/b709+VlQzp8DfL8kxEgISVDbewImUwQQYmGYJaCwNV1YiIzfrYu9Uq3JGyDG06PQ==", "event"=>{"eventTitle"=>"", "teamMinSize"=>"19", "teamMaxSize"=>"", "dateStart"=>"", "dateEnd"=>"", "eventPlace"=>"", "eventDescription"=>"", "eventResults"=>""}, "commit"=>"Create Event"}
Unpermitted parameter: :eventResults
  [1m[35m (0.1ms)[0m  [1m[36mbegin transaction[0m
  [1m[36mEvent Exists (0.2ms)[0m  [1m[34mSELECT  1 AS one FROM "events" WHERE "events"."eventTitle" = ? LIMIT ?[0m  [["eventTitle", ""], ["LIMIT", 1]]
  [1m[35m (0.1ms)[0m  [1m[31mrollback transaction[0m
  Rendering events/new.html.erb within layouts/application
  Rendered events/_form.html.erb (7.4ms)
  Rendered events/new.html.erb within layouts/application (8.5ms)
Completed 200 OK in 82ms (Views: 35.0ms | ActiveRecord: 3.0ms)


Started POST "/events" for 127.0.0.1 at 2018-01-10 15:16:25 +0300
Processing by EventsController#create as HTML
  Parameters: {"utf8"=>"✓", "authenticity_token"=>"/yjsFs7fW0MtzkyxIXNYq3Rn8VwKfauEHOkmBBrdZhcDKblJ7jtMCK/5aXDbpruVVxSqTmUwHLjGAnxEWvTcrg==", "event"=>{"eventTitle"=>"", "teamMinSize"=>"19", "teamMaxSize"=>"", "dateStart"=>"", "dateEnd"=>"", "eventPlace"=>"", "eventDescription"=>"", "eventResults"=>""}, "commit"=>"Create Event"}
Unpermitted parameter: :eventResults
  [1m[35m (0.1ms)[0m  [1m[36mbegin transaction[0m
  [1m[36mEvent Exists (0.5ms)[0m  [1m[34mSELECT  1 AS one FROM "events" WHERE "events"."eventTitle" = ? LIMIT ?[0m  [["eventTitle", ""], ["LIMIT", 1]]
  [1m[35m (0.1ms)[0m  [1m[31mrollback transaction[0m
  Rendering events/new.html.erb within layouts/application
  Rendered events/_form.html.erb (8.2ms)
  Rendered events/new.html.erb within layouts/application (9.6ms)
Completed 200 OK in 81ms (Views: 32.9ms | ActiveRecord: 2.5ms)


Started GET "/events" for 127.0.0.1 at 2018-01-10 15:17:01 +0300
Processing by EventsController#index as HTML
  Rendering events/index.html.erb within layouts/application
  [1m[36mEvent Load (0.2ms)[0m  [1m[34mSELECT "events".* FROM "events"[0m
  Rendered events/index.html.erb within layouts/application (27.3ms)
Completed 200 OK in 74ms (Views: 57.7ms | ActiveRecord: 3.1ms)


Started GET "/events/new" for 127.0.0.1 at 2018-01-10 15:17:03 +0300
Processing by EventsController#new as HTML
  Rendering events/new.html.erb within layouts/application
  Rendered events/_form.html.erb (31.1ms)
  Rendered events/new.html.erb within layouts/application (38.0ms)
Completed 200 OK in 120ms (Views: 114.2ms | ActiveRecord: 0.0ms)


Started POST "/events" for 127.0.0.1 at 2018-01-10 15:17:06 +0300
Processing by EventsController#create as HTML
  Parameters: {"utf8"=>"✓", "authenticity_token"=>"t+jEuZNZEQ4s3xEZVGZ7LejWg2XWgzIqlproULIlIqUN4IZYiPoJSKeFSiH7ldOVDXx0o+AXE/QB3DwXtWMs9g==", "event"=>{"eventTitle"=>"", "teamMinSize"=>"", "teamMaxSize"=>"19", "dateStart"=>"", "dateEnd"=>"", "eventPlace"=>"", "eventDescription"=>"", "eventResults"=>""}, "commit"=>"Create Event"}
Unpermitted parameter: :eventResults
  [1m[35m (0.4ms)[0m  [1m[36mbegin transaction[0m
  [1m[36mEvent Exists (1.3ms)[0m  [1m[34mSELECT  1 AS one FROM "events" WHERE "events"."eventTitle" = ? LIMIT ?[0m  [["eventTitle", ""], ["LIMIT", 1]]
  [1m[35m (0.3ms)[0m  [1m[31mrollback transaction[0m
  Rendering events/new.html.erb within layouts/application
  Rendered events/_form.html.erb (17.0ms)
  Rendered events/new.html.erb within layouts/application (20.7ms)
Completed 200 OK in 108ms (Views: 55.5ms | ActiveRecord: 2.0ms)


Started POST "/events" for 127.0.0.1 at 2018-01-10 15:17:14 +0300
Processing by EventsController#create as HTML
  Parameters: {"utf8"=>"✓", "authenticity_token"=>"Ph7Q++6FyLYS46GEKNYibxOvEMyb7lzpfp+ljmJNN6vCH4WkzmHf/ZDUhEXSA8FRMNxL3vSj69WkdP/OImSNEg==", "event"=>{"eventTitle"=>"", "teamMinSize"=>"19", "teamMaxSize"=>"19", "dateStart"=>"", "dateEnd"=>"", "eventPlace"=>"", "eventDescription"=>"", "eventResults"=>""}, "commit"=>"Create Event"}
Unpermitted parameter: :eventResults
  [1m[35m (0.3ms)[0m  [1m[36mbegin transaction[0m
  [1m[36mEvent Exists (0.8ms)[0m  [1m[34mSELECT  1 AS one FROM "events" WHERE "events"."eventTitle" = ? LIMIT ?[0m  [["eventTitle", ""], ["LIMIT", 1]]
  [1m[35m (0.3ms)[0m  [1m[31mrollback transaction[0m
  Rendering events/new.html.erb within layouts/application
  Rendered events/_form.html.erb (30.8ms)
  Rendered events/new.html.erb within layouts/application (35.7ms)
Completed 200 OK in 114ms (Views: 85.9ms | ActiveRecord: 1.4ms)


Started POST "/events" for 127.0.0.1 at 2018-01-10 15:18:12 +0300
Processing by EventsController#create as HTML
  Parameters: {"utf8"=>"✓", "authenticity_token"=>"X0zndHSJ/SzoBKLFNTuM9h12x3Gbhf7N3kNqFkaVxR2jTbIrVG3qZ2ozhwTP7m/IPgWcY/TISfEEqDBWBrx/pA==", "event"=>{"eventTitle"=>"Тест-контест", "teamMinSize"=>"19", "teamMaxSize"=>"19", "dateStart"=>"", "dateEnd"=>"", "eventPlace"=>"", "eventDescription"=>"", "eventResults"=>""}, "commit"=>"Create Event"}
Unpermitted parameter: :eventResults
  [1m[35m (0.1ms)[0m  [1m[36mbegin transaction[0m
  [1m[36mEvent Exists (0.9ms)[0m  [1m[34mSELECT  1 AS one FROM "events" WHERE "events"."eventTitle" = ? LIMIT ?[0m  [["eventTitle", "Тест-контест"], ["LIMIT", 1]]
  [1m[35m (0.1ms)[0m  [1m[31mrollback transaction[0m
  Rendering events/new.html.erb within layouts/application
  Rendered events/_form.html.erb (9.5ms)
  Rendered events/new.html.erb within layouts/application (10.9ms)
Completed 200 OK in 99ms (Views: 35.2ms | ActiveRecord: 2.7ms)


Started POST "/events" for 127.0.0.1 at 2018-01-10 15:18:56 +0300
Processing by EventsController#create as HTML
  Parameters: {"utf8"=>"✓", "authenticity_token"=>"Tk46V/qKoXbcGwAZXDZkFmoZlEG1x9DY+EeGkG46iV2yT28I2m62PV4sJdim44coSWrPU9qKZ+QirNzQLhMz5A==", "event"=>{"eventTitle"=>"Тест-контест", "teamMinSize"=>"19", "teamMaxSize"=>"19", "dateStart"=>"", "dateEnd"=>"", "eventPlace"=>"", "eventDescription"=>"", "eventResults"=>""}, "commit"=>"Create Event"}
Unpermitted parameter: :eventResults
  [1m[35m (0.1ms)[0m  [1m[36mbegin transaction[0m
  [1m[36mEvent Exists (0.2ms)[0m  [1m[34mSELECT  1 AS one FROM "events" WHERE "events"."eventTitle" = ? LIMIT ?[0m  [["eventTitle", "Тест-контест"], ["LIMIT", 1]]
  [1m[35m (0.1ms)[0m  [1m[31mrollback transaction[0m
  Rendering events/new.html.erb within layouts/application
  Rendered events/_form.html.erb (6.8ms)
  Rendered events/new.html.erb within layouts/application (8.8ms)
Completed 200 OK in 74ms (Views: 30.2ms | ActiveRecord: 2.0ms)


Started POST "/events" for 127.0.0.1 at 2018-01-10 15:19:03 +0300
Processing by EventsController#create as HTML
  Parameters: {"utf8"=>"✓", "authenticity_token"=>"IQJq0BBif/5TYhx+5eIXP67IT2cdXRVlVQotJsYiVSbdAz+PMIZotdFVOb8fN/QBjbsUdXIQolmP4Xdmhgvvnw==", "event"=>{"eventTitle"=>"Тест-контест", "teamMinSize"=>"19", "teamMaxSize"=>"19", "dateStart"=>"", "dateEnd"=>"", "eventPlace"=>"", "eventDescription"=>"", "eventResults"=>""}, "eventType"=>"contest", "commit"=>"Create Event"}
Unpermitted parameter: :eventResults
  [1m[35m (0.5ms)[0m  [1m[36mbegin transaction[0m
  [1m[36mEvent Exists (0.8ms)[0m  [1m[34mSELECT  1 AS one FROM "events" WHERE "events"."eventTitle" = ? LIMIT ?[0m  [["eventTitle", "Тест-контест"], ["LIMIT", 1]]
  [1m[35m (0.9ms)[0m  [1m[31mrollback transaction[0m
  Rendering events/new.html.erb within layouts/application
  Rendered events/_form.html.erb (32.8ms)
  Rendered events/new.html.erb within layouts/application (39.5ms)
Completed 200 OK in 116ms (Views: 81.1ms | ActiveRecord: 2.2ms)


Started GET "/events" for 127.0.0.1 at 2018-01-10 15:23:22 +0300
Processing by EventsController#index as HTML
  Rendering events/index.html.erb within layouts/application
  [1m[36mEvent Load (0.9ms)[0m  [1m[34mSELECT "events".* FROM "events"[0m
  Rendered events/index.html.erb within layouts/application (15.0ms)
Completed 200 OK in 70ms (Views: 60.4ms | ActiveRecord: 0.9ms)


Started GET "/events/new" for 127.0.0.1 at 2018-01-10 15:23:23 +0300
Processing by EventsController#new as HTML
  Rendering events/new.html.erb within layouts/application
  Rendered events/_form.html.erb (28.0ms)
  Rendered events/new.html.erb within layouts/application (31.9ms)
Completed 200 OK in 80ms (Views: 73.5ms | ActiveRecord: 0.0ms)


Started POST "/events" for 127.0.0.1 at 2018-01-10 15:23:27 +0300
Processing by EventsController#create as HTML
  Parameters: {"utf8"=>"✓", "authenticity_token"=>"1xD4OujCWuIsZEdMSCnz5mFFPjdoAhInux/Iq9iGV8ltGLrb82FCpKc+HHTn2ltehO/J8V6WM/ksWRzs38BZmg==", "event"=>{"eventTitle"=>"", "eventType"=>"contest", "teamMinSize"=>"", "teamMaxSize"=>"", "dateStart"=>"", "dateEnd"=>"", "eventPlace"=>"", "eventDescription"=>"", "eventResults"=>""}, "commit"=>"Create Event"}
Unpermitted parameter: :eventResults
  [1m[35m (0.4ms)[0m  [1m[36mbegin transaction[0m
  [1m[36mEvent Exists (0.9ms)[0m  [1m[34mSELECT  1 AS one FROM "events" WHERE "events"."eventTitle" = ? LIMIT ?[0m  [["eventTitle", ""], ["LIMIT", 1]]
  [1m[35m (0.3ms)[0m  [1m[31mrollback transaction[0m
  Rendering events/new.html.erb within layouts/application
  Rendered events/_form.html.erb (37.2ms)
  Rendered events/new.html.erb within layouts/application (42.0ms)
Completed 200 OK in 131ms (Views: 87.9ms | ActiveRecord: 1.6ms)


Started POST "/events" for 127.0.0.1 at 2018-01-10 15:23:58 +0300
Processing by EventsController#create as HTML
  Parameters: {"utf8"=>"✓", "authenticity_token"=>"WNC044h2MP0s5a89KVDeuF2E/MfcxnYJqSnXSNpVJOqk0eG8qJIntq7SivzThT2Gfven1bOLwTVzwo0ImnyeUw==", "event"=>{"eventTitle"=>"Новый контест", "eventType"=>"contest", "teamMinSize"=>"3", "teamMaxSize"=>"3", "dateStart"=>"2018-01-19", "dateEnd"=>"2018-01-10", "eventPlace"=>"птз", "eventDescription"=>"...", "eventResults"=>""}, "commit"=>"Create Event"}
Unpermitted parameter: :eventResults
  [1m[35m (0.1ms)[0m  [1m[36mbegin transaction[0m
  [1m[36mEvent Exists (0.3ms)[0m  [1m[34mSELECT  1 AS one FROM "events" WHERE "events"."eventTitle" = ? LIMIT ?[0m  [["eventTitle", "Новый контест"], ["LIMIT", 1]]
  [1m[35mSQL (2.0ms)[0m  [1m[32mINSERT INTO "events" ("eventTitle", "eventType", "teamMinSize", "teamMaxSize", "dateStart", "dateEnd", "eventPlace", "eventDescription", "created_at", "updated_at") VALUES (?, ?, ?, ?, ?, ?, ?, ?, ?, ?)[0m  [["eventTitle", "Новый контест"], ["eventType", "contest"], ["teamMinSize", 3], ["teamMaxSize", 3], ["dateStart", "2018-01-19"], ["dateEnd", "2018-01-10"], ["eventPlace", "птз"], ["eventDescription", "..."], ["created_at", "2018-01-10 12:23:58.438300"], ["updated_at", "2018-01-10 12:23:58.438300"]]
  [1m[35m (8.1ms)[0m  [1m[36mcommit transaction[0m
Redirected to http://localhost:3000/events/3
Completed 302 Found in 54ms (ActiveRecord: 10.5ms)


Started GET "/events/3" for 127.0.0.1 at 2018-01-10 15:23:58 +0300
Processing by EventsController#show as HTML
  Parameters: {"id"=>"3"}
  [1m[36mEvent Load (0.7ms)[0m  [1m[34mSELECT  "events".* FROM "events" WHERE "events"."id" = ? LIMIT ?[0m  [["id", 3], ["LIMIT", 1]]
  Rendering events/show.html.erb within layouts/application
  Rendered events/show.html.erb within layouts/application (1.4ms)
Completed 200 OK in 59ms (Views: 34.6ms | ActiveRecord: 0.7ms)


Started GET "/events" for 127.0.0.1 at 2018-01-10 15:24:06 +0300
Processing by EventsController#index as HTML
  Rendering events/index.html.erb within layouts/application
  [1m[36mEvent Load (1.4ms)[0m  [1m[34mSELECT "events".* FROM "events"[0m
  Rendered events/index.html.erb within layouts/application (12.5ms)
Completed 200 OK in 76ms (Views: 69.2ms | ActiveRecord: 1.4ms)


Started GET "/events/2/edit" for 127.0.0.1 at 2018-01-10 15:24:13 +0300
Processing by EventsController#edit as HTML
  Parameters: {"id"=>"2"}
  [1m[36mEvent Load (0.6ms)[0m  [1m[34mSELECT  "events".* FROM "events" WHERE "events"."id" = ? LIMIT ?[0m  [["id", 2], ["LIMIT", 1]]
  Rendering events/edit.html.erb within layouts/application
  Rendered events/_form.html.erb (31.7ms)
  Rendered events/edit.html.erb within layouts/application (37.9ms)
Completed 200 OK in 117ms (Views: 108.8ms | ActiveRecord: 0.6ms)


Started PATCH "/events/2" for 127.0.0.1 at 2018-01-10 15:24:17 +0300
Processing by EventsController#update as HTML
  Parameters: {"utf8"=>"✓", "authenticity_token"=>"Z7PRoAspTVr6niML6KKcVXhArdk8wVzHy0d0FT7MwFCjFUgh4NGz+gapnmkaDvknlq2povIQq7TZPqPRPUrSUQ==", "event"=>{"eventTitle"=>"Летний компцлагерь", "eventType"=>"camp", "teamMinSize"=>"1", "teamMaxSize"=>"3", "dateStart"=>"2018-07-01", "dateEnd"=>"2018-07-10", "eventPlace"=>"Где-то ещё", "eventDescription"=>"Сборы", "eventResults"=>""}, "commit"=>"Update Event", "id"=>"2"}
  [1m[36mEvent Load (0.7ms)[0m  [1m[34mSELECT  "events".* FROM "events" WHERE "events"."id" = ? LIMIT ?[0m  [["id", 2], ["LIMIT", 1]]
Unpermitted parameter: :eventResults
  [1m[35m (0.2ms)[0m  [1m[36mbegin transaction[0m
  [1m[36mEvent Exists (0.7ms)[0m  [1m[34mSELECT  1 AS one FROM "events" WHERE "events"."eventTitle" = ? AND ("events"."id" != ?) LIMIT ?[0m  [["eventTitle", "Летний компцлагерь"], ["id", 2], ["LIMIT", 1]]
  [1m[35m (0.2ms)[0m  [1m[31mrollback transaction[0m
Completed 500 Internal Server Error in 92ms (ActiveRecord: 1.9ms)


  
NoMethodError (undefined method `Дата окончания не должна быть раньше даты начала' for #<Event:0x007f7d357e96e0>):
  
app/models/event.rb:4:in `valid_date_range_required'
app/controllers/events_controller.rb:31:in `update'
Started PATCH "/events/2" for 127.0.0.1 at 2018-01-10 15:24:53 +0300
Processing by EventsController#update as HTML
  Parameters: {"utf8"=>"✓", "authenticity_token"=>"Z7PRoAspTVr6niML6KKcVXhArdk8wVzHy0d0FT7MwFCjFUgh4NGz+gapnmkaDvknlq2povIQq7TZPqPRPUrSUQ==", "event"=>{"eventTitle"=>"Летний компцлагерь", "eventType"=>"camp", "teamMinSize"=>"1", "teamMaxSize"=>"3", "dateStart"=>"2018-07-01", "dateEnd"=>"2018-07-10", "eventPlace"=>"Где-то ещё", "eventDescription"=>"Сборы", "eventResults"=>""}, "commit"=>"Update Event", "id"=>"2"}
  [1m[36mEvent Load (0.2ms)[0m  [1m[34mSELECT  "events".* FROM "events" WHERE "events"."id" = ? LIMIT ?[0m  [["id", 2], ["LIMIT", 1]]
Unpermitted parameter: :eventResults
  [1m[35m (0.2ms)[0m  [1m[36mbegin transaction[0m
  [1m[36mEvent Exists (0.2ms)[0m  [1m[34mSELECT  1 AS one FROM "events" WHERE "events"."eventTitle" = ? AND ("events"."id" != ?) LIMIT ?[0m  [["eventTitle", "Летний компцлагерь"], ["id", 2], ["LIMIT", 1]]
  [1m[35mSQL (0.7ms)[0m  [1m[33mUPDATE "events" SET "eventType" = ?, "updated_at" = ? WHERE "events"."id" = ?[0m  [["eventType", "camp"], ["updated_at", "2018-01-10 12:24:53.694333"], ["id", 2]]
  [1m[35m (12.9ms)[0m  [1m[36mcommit transaction[0m
Redirected to http://localhost:3000/events/2
Completed 302 Found in 59ms (ActiveRecord: 15.4ms)


Started GET "/events/2" for 127.0.0.1 at 2018-01-10 15:24:53 +0300
Processing by EventsController#show as HTML
  Parameters: {"id"=>"2"}
  [1m[36mEvent Load (0.2ms)[0m  [1m[34mSELECT  "events".* FROM "events" WHERE "events"."id" = ? LIMIT ?[0m  [["id", 2], ["LIMIT", 1]]
  Rendering events/show.html.erb within layouts/application
  Rendered events/show.html.erb within layouts/application (1.6ms)
Completed 200 OK in 35ms (Views: 30.1ms | ActiveRecord: 0.2ms)


Started GET "/events" for 127.0.0.1 at 2018-01-10 15:24:58 +0300
Processing by EventsController#index as HTML
  Rendering events/index.html.erb within layouts/application
  [1m[36mEvent Load (0.5ms)[0m  [1m[34mSELECT "events".* FROM "events"[0m
  Rendered events/index.html.erb within layouts/application (6.8ms)
Completed 200 OK in 49ms (Views: 43.0ms | ActiveRecord: 0.5ms)


Started GET "/events/1/edit" for 127.0.0.1 at 2018-01-10 15:25:01 +0300
Processing by EventsController#edit as HTML
  Parameters: {"id"=>"1"}
  [1m[36mEvent Load (0.6ms)[0m  [1m[34mSELECT  "events".* FROM "events" WHERE "events"."id" = ? LIMIT ?[0m  [["id", 1], ["LIMIT", 1]]
  Rendering events/edit.html.erb within layouts/application
  Rendered events/_form.html.erb (17.5ms)
  Rendered events/edit.html.erb within layouts/application (25.5ms)
Completed 200 OK in 79ms (Views: 70.0ms | ActiveRecord: 0.6ms)


Started PATCH "/events/1" for 127.0.0.1 at 2018-01-10 15:25:03 +0300
Processing by EventsController#update as HTML
  Parameters: {"utf8"=>"✓", "authenticity_token"=>"L6q9YC/aXU+Ic7yDIHGcKmmWuizo//YywFIKVOU48ZhuKwJ+a8WZKZXOUmfh4oAjkJVyTz52HXJJqnOU03PEXw==", "event"=>{"eventTitle"=>"Тест-контест", "eventType"=>"contest", "teamMinSize"=>"1", "teamMaxSize"=>"1", "dateStart"=>"2018-01-11", "dateEnd"=>"2018-01-11", "eventPlace"=>"ГК ПетрГУ", "eventDescription"=>"Тестовый контест", "eventResults"=>""}, "commit"=>"Update Event", "id"=>"1"}
  [1m[36mEvent Load (0.4ms)[0m  [1m[34mSELECT  "events".* FROM "events" WHERE "events"."id" = ? LIMIT ?[0m  [["id", 1], ["LIMIT", 1]]
Unpermitted parameter: :eventResults
  [1m[35m (0.4ms)[0m  [1m[36mbegin transaction[0m
  [1m[36mEvent Exists (1.4ms)[0m  [1m[34mSELECT  1 AS one FROM "events" WHERE "events"."eventTitle" = ? AND ("events"."id" != ?) LIMIT ?[0m  [["eventTitle", "Тест-контест"], ["id", 1], ["LIMIT", 1]]
  [1m[35mSQL (0.8ms)[0m  [1m[33mUPDATE "events" SET "eventType" = ?, "updated_at" = ? WHERE "events"."id" = ?[0m  [["eventType", "contest"], ["updated_at", "2018-01-10 12:25:03.468080"], ["id", 1]]
  [1m[35m (6.5ms)[0m  [1m[36mcommit transaction[0m
Redirected to http://localhost:3000/events/1
Completed 302 Found in 41ms (ActiveRecord: 9.6ms)


Started GET "/events/1" for 127.0.0.1 at 2018-01-10 15:25:03 +0300
Processing by EventsController#show as HTML
  Parameters: {"id"=>"1"}
  [1m[36mEvent Load (0.1ms)[0m  [1m[34mSELECT  "events".* FROM "events" WHERE "events"."id" = ? LIMIT ?[0m  [["id", 1], ["LIMIT", 1]]
  Rendering events/show.html.erb within layouts/application
  Rendered events/show.html.erb within layouts/application (0.8ms)
Completed 200 OK in 25ms (Views: 22.9ms | ActiveRecord: 0.1ms)


Started GET "/events" for 127.0.0.1 at 2018-01-10 15:25:06 +0300
Processing by EventsController#index as HTML
  Rendering events/index.html.erb within layouts/application
  [1m[36mEvent Load (1.3ms)[0m  [1m[34mSELECT "events".* FROM "events"[0m
  Rendered events/index.html.erb within layouts/application (7.7ms)
Completed 200 OK in 31ms (Views: 27.5ms | ActiveRecord: 1.3ms)


Started GET "/events/3/edit" for 127.0.0.1 at 2018-01-10 15:25:10 +0300
Processing by EventsController#edit as HTML
  Parameters: {"id"=>"3"}
  [1m[36mEvent Load (0.6ms)[0m  [1m[34mSELECT  "events".* FROM "events" WHERE "events"."id" = ? LIMIT ?[0m  [["id", 3], ["LIMIT", 1]]
  Rendering events/edit.html.erb within layouts/application
  Rendered events/_form.html.erb (33.1ms)
  Rendered events/edit.html.erb within layouts/application (38.4ms)
Completed 200 OK in 98ms (Views: 89.1ms | ActiveRecord: 0.6ms)


Started PATCH "/events/3" for 127.0.0.1 at 2018-01-10 15:25:11 +0300
Processing by EventsController#update as HTML
  Parameters: {"utf8"=>"✓", "authenticity_token"=>"8mEkQyUnrdYJTSU9qYcRVqA2TvbqA2gy5bhf5ZKRqoTb70KiFXDL+vIlDYIxMHLTz5GJqOpu2LCcxXHbGFX92A==", "event"=>{"eventTitle"=>"Новый контест", "eventType"=>"contest", "teamMinSize"=>"3", "teamMaxSize"=>"3", "dateStart"=>"2018-01-19", "dateEnd"=>"2018-01-10", "eventPlace"=>"птз", "eventDescription"=>"...", "eventResults"=>""}, "commit"=>"Update Event", "id"=>"3"}
  [1m[36mEvent Load (0.6ms)[0m  [1m[34mSELECT  "events".* FROM "events" WHERE "events"."id" = ? LIMIT ?[0m  [["id", 3], ["LIMIT", 1]]
Unpermitted parameter: :eventResults
  [1m[35m (0.4ms)[0m  [1m[36mbegin transaction[0m
  [1m[36mEvent Exists (1.2ms)[0m  [1m[34mSELECT  1 AS one FROM "events" WHERE "events"."eventTitle" = ? AND ("events"."id" != ?) LIMIT ?[0m  [["eventTitle", "Новый контест"], ["id", 3], ["LIMIT", 1]]
  [1m[35m (0.4ms)[0m  [1m[31mrollback transaction[0m
Completed 500 Internal Server Error in 102ms (ActiveRecord: 2.6ms)


  
NoMethodError (undefined method `Дата окончания не должна быть раньше даты начала' for #<Event:0x0055fce9535548>):
  
app/models/event.rb:4:in `valid_date_range_required'
app/controllers/events_controller.rb:31:in `update'
Started PATCH "/events/3" for 127.0.0.1 at 2018-01-10 15:26:20 +0300
Processing by EventsController#update as HTML
  Parameters: {"utf8"=>"✓", "authenticity_token"=>"8mEkQyUnrdYJTSU9qYcRVqA2TvbqA2gy5bhf5ZKRqoTb70KiFXDL+vIlDYIxMHLTz5GJqOpu2LCcxXHbGFX92A==", "event"=>{"eventTitle"=>"Новый контест", "eventType"=>"contest", "teamMinSize"=>"3", "teamMaxSize"=>"3", "dateStart"=>"2018-01-19", "dateEnd"=>"2018-01-10", "eventPlace"=>"птз", "eventDescription"=>"...", "eventResults"=>""}, "commit"=>"Update Event", "id"=>"3"}
  [1m[36mEvent Load (0.4ms)[0m  [1m[34mSELECT  "events".* FROM "events" WHERE "events"."id" = ? LIMIT ?[0m  [["id", 3], ["LIMIT", 1]]
Unpermitted parameter: :eventResults
  [1m[35m (0.1ms)[0m  [1m[36mbegin transaction[0m
  [1m[36mEvent Exists (0.2ms)[0m  [1m[34mSELECT  1 AS one FROM "events" WHERE "events"."eventTitle" = ? AND ("events"."id" != ?) LIMIT ?[0m  [["eventTitle", "Новый контест"], ["id", 3], ["LIMIT", 1]]
  [1m[35m (0.1ms)[0m  [1m[31mrollback transaction[0m
  Rendering events/edit.html.erb within layouts/application
  Rendered events/_form.html.erb (13.2ms)
  Rendered events/edit.html.erb within layouts/application (15.5ms)
Completed 200 OK in 95ms (Views: 47.4ms | ActiveRecord: 3.7ms)


Started PATCH "/events/3" for 127.0.0.1 at 2018-01-10 15:26:45 +0300
Processing by EventsController#update as HTML
  Parameters: {"utf8"=>"✓", "authenticity_token"=>"eNEECzc+gbsF3rcX8XyOjtaif1EUMg7pnlky4rgKa4mE0FFUF9qW8IfpktYLqW2w9dEkQ3t/udVEsmii+CPRMA==", "event"=>{"eventTitle"=>"Новый контест", "eventType"=>"contest", "teamMinSize"=>"3", "teamMaxSize"=>"3", "dateStart"=>"2018-01-19", "dateEnd"=>"2018-01-10", "eventPlace"=>"птз", "eventDescription"=>"...", "eventResults"=>""}, "commit"=>"Update Event", "id"=>"3"}
  [1m[36mEvent Load (0.2ms)[0m  [1m[34mSELECT  "events".* FROM "events" WHERE "events"."id" = ? LIMIT ?[0m  [["id", 3], ["LIMIT", 1]]
Unpermitted parameter: :eventResults
  [1m[35m (0.1ms)[0m  [1m[36mbegin transaction[0m
  [1m[36mEvent Exists (0.8ms)[0m  [1m[34mSELECT  1 AS one FROM "events" WHERE "events"."eventTitle" = ? AND ("events"."id" != ?) LIMIT ?[0m  [["eventTitle", "Новый контест"], ["id", 3], ["LIMIT", 1]]
  [1m[35m (0.2ms)[0m  [1m[31mrollback transaction[0m
  Rendering events/edit.html.erb within layouts/application
  Rendered events/_form.html.erb (5.5ms)
  Rendered events/edit.html.erb within layouts/application (6.7ms)
Completed 200 OK in 75ms (Views: 26.1ms | ActiveRecord: 2.8ms)


Started PATCH "/events/3" for 127.0.0.1 at 2018-01-10 15:31:10 +0300
Processing by EventsController#update as HTML
  Parameters: {"utf8"=>"✓", "authenticity_token"=>"hTs3ouyhY60Zq2lw1ZNXwlFiLMmEEVUhYYWpecSjQ7l5OmL9zEV05pucTLEvRrT8chF32+tc4h27bvM5hIr5AA==", "event"=>{"eventTitle"=>"Новый контест", "eventType"=>"contest", "teamMinSize"=>"3", "teamMaxSize"=>"3", "dateStart"=>"2018-01-11", "dateEnd"=>"2018-01-10", "eventPlace"=>"птз", "eventDescription"=>"...", "eventResults"=>""}, "commit"=>"Update Event", "id"=>"3"}
  [1m[36mEvent Load (1.4ms)[0m  [1m[34mSELECT  "events".* FROM "events" WHERE "events"."id" = ? LIMIT ?[0m  [["id", 3], ["LIMIT", 1]]
Unpermitted parameter: :eventResults
  [1m[35m (0.5ms)[0m  [1m[36mbegin transaction[0m
  [1m[36mEvent Exists (1.3ms)[0m  [1m[34mSELECT  1 AS one FROM "events" WHERE "events"."eventTitle" = ? AND ("events"."id" != ?) LIMIT ?[0m  [["eventTitle", "Новый контест"], ["id", 3], ["LIMIT", 1]]
  [1m[35m (0.4ms)[0m  [1m[31mrollback transaction[0m
  Rendering events/edit.html.erb within layouts/application
  Rendered events/_form.html.erb (35.4ms)
  Rendered events/edit.html.erb within layouts/application (42.4ms)
Completed 200 OK in 108ms (Views: 80.4ms | ActiveRecord: 3.6ms)


Started PATCH "/events/3" for 127.0.0.1 at 2018-01-10 15:31:18 +0300
Processing by EventsController#update as HTML
  Parameters: {"utf8"=>"✓", "authenticity_token"=>"4S17YcwV0dsSAdA6HmTkJMhnzwnXdcDd7kx9euhGNREdLC4+7PHGkJA29fvksQca6xSUG7g4d+E0pyc6qG+PqA==", "event"=>{"eventTitle"=>"Новый контест", "eventType"=>"contest", "teamMinSize"=>"3", "teamMaxSize"=>"3", "dateStart"=>"2018-01-11", "dateEnd"=>"2018-01-12", "eventPlace"=>"птз", "eventDescription"=>"...", "eventResults"=>""}, "commit"=>"Update Event", "id"=>"3"}
  [1m[36mEvent Load (0.9ms)[0m  [1m[34mSELECT  "events".* FROM "events" WHERE "events"."id" = ? LIMIT ?[0m  [["id", 3], ["LIMIT", 1]]
Unpermitted parameter: :eventResults
  [1m[35m (0.4ms)[0m  [1m[36mbegin transaction[0m
  [1m[36mEvent Exists (0.8ms)[0m  [1m[34mSELECT  1 AS one FROM "events" WHERE "events"."eventTitle" = ? AND ("events"."id" != ?) LIMIT ?[0m  [["eventTitle", "Новый контест"], ["id", 3], ["LIMIT", 1]]
  [1m[35mSQL (6.3ms)[0m  [1m[33mUPDATE "events" SET "dateStart" = ?, "dateEnd" = ?, "updated_at" = ? WHERE "events"."id" = ?[0m  [["dateStart", "2018-01-11"], ["dateEnd", "2018-01-12"], ["updated_at", "2018-01-10 12:31:18.622962"], ["id", 3]]
  [1m[35m (12.1ms)[0m  [1m[36mcommit transaction[0m
Redirected to http://localhost:3000/events/3
Completed 302 Found in 59ms (ActiveRecord: 20.5ms)


Started GET "/events/3" for 127.0.0.1 at 2018-01-10 15:31:18 +0300
Processing by EventsController#show as HTML
  Parameters: {"id"=>"3"}
  [1m[36mEvent Load (0.2ms)[0m  [1m[34mSELECT  "events".* FROM "events" WHERE "events"."id" = ? LIMIT ?[0m  [["id", 3], ["LIMIT", 1]]
  Rendering events/show.html.erb within layouts/application
  Rendered events/show.html.erb within layouts/application (1.2ms)
Completed 200 OK in 29ms (Views: 26.4ms | ActiveRecord: 0.2ms)


Started GET "/events" for 127.0.0.1 at 2018-01-10 15:31:22 +0300
Processing by EventsController#index as HTML
  Rendering events/index.html.erb within layouts/application
  [1m[36mEvent Load (0.3ms)[0m  [1m[34mSELECT "events".* FROM "events"[0m
  Rendered events/index.html.erb within layouts/application (4.8ms)
Completed 200 OK in 33ms (Views: 30.9ms | ActiveRecord: 0.3ms)


Started GET "/events" for 127.0.0.1 at 2018-01-10 15:50:08 +0300
Processing by EventsController#index as HTML
Completed 500 Internal Server Error in 13ms


  
I18n::InvalidLocaleData (can not load translations from /home/tl/ktpreg/config/locales/ru.yml: #<Psych::SyntaxError: (/home/tl/ktpreg/config/locales/ru.yml): did not find expected key while parsing a block mapping at line 5 column 9>):
  
app/controllers/application_controller.rb:5:in `set_locale'
Started GET "/events" for 127.0.0.1 at 2018-01-10 15:50:35 +0300
Processing by EventsController#index as HTML
  Rendering events/index.html.erb within layouts/application
  [1m[36mEvent Load (0.4ms)[0m  [1m[34mSELECT "events".* FROM "events"[0m
  Rendered events/index.html.erb within layouts/application (35.2ms)
Completed 200 OK in 110ms (Views: 94.1ms | ActiveRecord: 1.9ms)


Started GET "/events" for 127.0.0.1 at 2018-01-10 16:11:23 +0300
Processing by EventsController#index as HTML
  Rendering events/index.html.erb within layouts/application
  [1m[36mEvent Load (2.3ms)[0m  [1m[34mSELECT "events".* FROM "events"[0m
  Rendered events/index.html.erb within layouts/application (34.8ms)
Completed 500 Internal Server Error in 59ms (ActiveRecord: 2.3ms)


  
ActionView::Template::Error (undefined method `eventTyp' for #<Event:0x007f7d38042cb8>
Did you mean?  eventType
               eventType?
               eventType=):
    14: 		<tr>
    15: 			<td><%= event.eventTitle %></td>
    16: 			<td>
    17: 				<% if event.eventTyp == contest %>
    18: 					Соревнование
    19: 				<% else %>
    20: 					Сборы
  
app/views/events/index.html.erb:17:in `block in _app_views_events_index_html_erb___125353523100525101_70087793063100'
app/views/events/index.html.erb:13:in `_app_views_events_index_html_erb___125353523100525101_70087793063100'
Started GET "/events" for 127.0.0.1 at 2018-01-10 16:11:38 +0300
Processing by EventsController#index as HTML
  Rendering events/index.html.erb within layouts/application
  [1m[36mEvent Load (1.4ms)[0m  [1m[34mSELECT "events".* FROM "events"[0m
  Rendered events/index.html.erb within layouts/application (348.5ms)
Completed 500 Internal Server Error in 369ms (ActiveRecord: 1.4ms)


  
ActionView::Template::Error (undefined local variable or method `contest' for #<#<Class:0x007f7d2c184b28>:0x007f7d305759b8>
Did you mean?  content_for):
    14: 		<tr>
    15: 			<td><%= event.eventTitle %></td>
    16: 			<td>
    17: 				<% if event.eventType == contest %>
    18: 					Соревнование
    19: 				<% else %>
    20: 					Сборы
  
app/views/events/index.html.erb:17:in `block in _app_views_events_index_html_erb___125353523100525101_70087829336980'
app/views/events/index.html.erb:13:in `_app_views_events_index_html_erb___125353523100525101_70087829336980'
Started GET "/events" for 127.0.0.1 at 2018-01-10 16:11:54 +0300
Processing by EventsController#index as HTML
  Rendering events/index.html.erb within layouts/application
  [1m[36mEvent Load (0.6ms)[0m  [1m[34mSELECT "events".* FROM "events"[0m
  Rendered events/index.html.erb within layouts/application (8.6ms)
Completed 200 OK in 60ms (Views: 52.2ms | ActiveRecord: 0.6ms)


Started GET "/events" for 127.0.0.1 at 2018-01-10 16:13:50 +0300
Processing by EventsController#index as HTML
  Rendering events/index.html.erb within layouts/application
  [1m[36mEvent Load (1.0ms)[0m  [1m[34mSELECT "events".* FROM "events"[0m
  Rendered events/index.html.erb within layouts/application (38.4ms)
Completed 500 Internal Server Error in 58ms (ActiveRecord: 1.0ms)


  
ActionView::Template::Error (undefined method `reorder' for #<Enumerator:0x007f7d35eda648>):
    10: 		<th>Место проведения</th>
    11: 	</tr>
    12:  
    13: 	<% @events.each.reorder('dateStart') do |event| %>
    14: 		<tr>
    15: 			<td><%= event.eventTitle %></td>
    16: 			<td>
  
app/views/events/index.html.erb:13:in `_app_views_events_index_html_erb___125353523100525101_70087876770940'
Started GET "/events" for 127.0.0.1 at 2018-01-10 16:22:21 +0300
Processing by EventsController#index as HTML
  Rendering events/index.html.erb within layouts/application
  [1m[36mEvent Load (0.9ms)[0m  [1m[34mSELECT "events".* FROM "events"[0m
  Rendered events/index.html.erb within layouts/application (6.1ms)
Completed 200 OK in 45ms (Views: 42.7ms | ActiveRecord: 0.9ms)


Started GET "/events/new" for 127.0.0.1 at 2018-01-10 16:22:27 +0300
Processing by EventsController#new as HTML
  Rendering events/new.html.erb within layouts/application
  Rendered events/_form.html.erb (16.6ms)
  Rendered events/new.html.erb within layouts/application (19.1ms)
Completed 200 OK in 74ms (Views: 70.6ms | ActiveRecord: 0.0ms)


Started POST "/events" for 127.0.0.1 at 2018-01-10 16:22:53 +0300
Processing by EventsController#create as HTML
  Parameters: {"utf8"=>"✓", "authenticity_token"=>"3p4mPd9aF6N2F2ogfXGfUhGxndmgCv47dWbO9r712clklmTcxPkP5f1NMRjSgjfq9BtqH5ae3+XiIBqxubPXmg==", "event"=>{"eventTitle"=>"Сборы 2", "eventType"=>"camp", "teamMinSize"=>"1", "teamMaxSize"=>"5", "dateStart"=>"2018-01-04", "dateEnd"=>"2018-01-05", "eventPlace"=>"Птз", "eventDescription"=>"ююю", "eventResults"=>""}, "commit"=>"Create Event"}
Unpermitted parameter: :eventResults
  [1m[35m (0.7ms)[0m  [1m[36mbegin transaction[0m
  [1m[36mEvent Exists (1.2ms)[0m  [1m[34mSELECT  1 AS one FROM "events" WHERE "events"."eventTitle" = ? LIMIT ?[0m  [["eventTitle", "Сборы 2"], ["LIMIT", 1]]
  [1m[35mSQL (14.5ms)[0m  [1m[32mINSERT INTO "events" ("eventTitle", "eventType", "teamMinSize", "teamMaxSize", "dateStart", "dateEnd", "eventPlace", "eventDescription", "created_at", "updated_at") VALUES (?, ?, ?, ?, ?, ?, ?, ?, ?, ?)[0m  [["eventTitle", "Сборы 2"], ["eventType", "camp"], ["teamMinSize", 1], ["teamMaxSize", 5], ["dateStart", "2018-01-04"], ["dateEnd", "2018-01-05"], ["eventPlace", "Птз"], ["eventDescription", "ююю"], ["created_at", "2018-01-10 13:22:53.224327"], ["updated_at", "2018-01-10 13:22:53.224327"]]
  [1m[35m (6.3ms)[0m  [1m[36mcommit transaction[0m
Redirected to http://localhost:3000/events/4
Completed 302 Found in 62ms (ActiveRecord: 22.7ms)


Started GET "/events/4" for 127.0.0.1 at 2018-01-10 16:22:53 +0300
Processing by EventsController#show as HTML
  Parameters: {"id"=>"4"}
  [1m[36mEvent Load (0.6ms)[0m  [1m[34mSELECT  "events".* FROM "events" WHERE "events"."id" = ? LIMIT ?[0m  [["id", 4], ["LIMIT", 1]]
  Rendering events/show.html.erb within layouts/application
  Rendered events/show.html.erb within layouts/application (3.0ms)
Completed 200 OK in 42ms (Views: 34.8ms | ActiveRecord: 0.6ms)


Started GET "/events" for 127.0.0.1 at 2018-01-10 16:22:56 +0300
Processing by EventsController#index as HTML
  Rendering events/index.html.erb within layouts/application
  [1m[36mEvent Load (0.2ms)[0m  [1m[34mSELECT "events".* FROM "events"[0m
  Rendered events/index.html.erb within layouts/application (5.6ms)
Completed 200 OK in 26ms (Views: 24.4ms | ActiveRecord: 0.2ms)


Started GET "/events" for 127.0.0.1 at 2018-01-10 16:27:28 +0300
Processing by EventsController#index as HTML
  Rendering events/index.html.erb within layouts/application
  [1m[36mEvent Load (1.0ms)[0m  [1m[34mSELECT "events".* FROM "events"[0m
  Rendered events/index.html.erb within layouts/application (13.4ms)
Completed 200 OK in 64ms (Views: 56.3ms | ActiveRecord: 1.0ms)


Started GET "/events" for 127.0.0.1 at 2018-01-10 16:28:11 +0300
Processing by EventsController#index as HTML
  Rendering events/index.html.erb within layouts/application
  [1m[36mEvent Load (0.4ms)[0m  [1m[34mSELECT "events".* FROM "events"[0m
  Rendered events/index.html.erb within layouts/application (6.2ms)
Completed 200 OK in 36ms (Views: 32.6ms | ActiveRecord: 0.4ms)


Started GET "/events" for 127.0.0.1 at 2018-01-10 16:28:41 +0300
Processing by EventsController#index as HTML
  Rendering events/index.html.erb within layouts/application
  [1m[36mEvent Load (0.3ms)[0m  [1m[34mSELECT "events".* FROM "events"[0m
  Rendered events/index.html.erb within layouts/application (3.7ms)
Completed 200 OK in 32ms (Views: 30.3ms | ActiveRecord: 0.3ms)


Started GET "/events/1" for 127.0.0.1 at 2018-01-10 16:28:42 +0300
Processing by EventsController#show as HTML
  Parameters: {"id"=>"1"}
  [1m[36mEvent Load (0.6ms)[0m  [1m[34mSELECT  "events".* FROM "events" WHERE "events"."id" = ? LIMIT ?[0m  [["id", 1], ["LIMIT", 1]]
  Rendering events/show.html.erb within layouts/application
  Rendered events/show.html.erb within layouts/application (6.2ms)
Completed 200 OK in 96ms (Views: 87.4ms | ActiveRecord: 0.6ms)


Started GET "/events" for 127.0.0.1 at 2018-01-10 16:28:45 +0300
Processing by EventsController#index as HTML
  Rendering events/index.html.erb within layouts/application
  [1m[36mEvent Load (1.1ms)[0m  [1m[34mSELECT "events".* FROM "events"[0m
  Rendered events/index.html.erb within layouts/application (16.9ms)
Completed 200 OK in 67ms (Views: 59.9ms | ActiveRecord: 1.1ms)


Started GET "/events/4" for 127.0.0.1 at 2018-01-10 16:28:47 +0300
Processing by EventsController#show as HTML
  Parameters: {"id"=>"4"}
  [1m[36mEvent Load (0.7ms)[0m  [1m[34mSELECT  "events".* FROM "events" WHERE "events"."id" = ? LIMIT ?[0m  [["id", 4], ["LIMIT", 1]]
  Rendering events/show.html.erb within layouts/application
  Rendered events/show.html.erb within layouts/application (4.3ms)
Completed 200 OK in 98ms (Views: 87.6ms | ActiveRecord: 0.7ms)


Started GET "/events" for 127.0.0.1 at 2018-01-10 16:28:48 +0300
Processing by EventsController#index as HTML
  Rendering events/index.html.erb within layouts/application
  [1m[36mEvent Load (1.1ms)[0m  [1m[34mSELECT "events".* FROM "events"[0m
  Rendered events/index.html.erb within layouts/application (16.8ms)
Completed 200 OK in 99ms (Views: 93.9ms | ActiveRecord: 1.1ms)


